<?xml version="1.0" encoding="UTF-8"?>
<robot generator="Robot 7.1.1 (Python 3.11.9 on win32)" generated="2024-10-20T17:21:04.993079" rpa="false" schemaversion="5">
<suite id="s1" name="Searchgoogle" source="E:\python_testing\ch12\searchgoogle.robot">
<test id="s1-t1" name="Search On Google" line="10">
<kw name="Start Video Recording" owner="ScreenCapLibrary" type="SETUP">
<msg time="2024-10-20T17:21:07.642329" level="INFO">Automatically setting a fps of 10.5</msg>
<doc>Starts the recording of a video in the background with the specified ``name``.
The recording can be stopped by calling the `Stop Video Recording` keyword.</doc>
<status status="PASS" start="2024-10-20T17:21:05.477588" elapsed="2.164741"/>
</kw>
<kw name="Open Browser" owner="SeleniumLibrary">
<msg time="2024-10-20T17:21:07.642329" level="INFO">Opening browser 'Chrome' to base url 'http://www.google.com'.</msg>
<arg>http://www.google.com</arg>
<arg>Chrome</arg>
<doc>Opens a new browser instance to the optional ``url``.</doc>
<status status="PASS" start="2024-10-20T17:21:07.642329" elapsed="2.526216"/>
</kw>
<kw name="Wait Until Page Contains Element" owner="SeleniumLibrary">
<arg>L2AGLb</arg>
<doc>Waits until the element ``locator`` appears on the current page.</doc>
<status status="PASS" start="2024-10-20T17:21:10.168545" elapsed="0.020442"/>
</kw>
<kw name="Click Element" owner="SeleniumLibrary">
<msg time="2024-10-20T17:21:10.189989" level="INFO">Clicking element 'css=button[id="L2AGLb"]'.</msg>
<arg>css=button[id="L2AGLb"]</arg>
<doc>Click the element identified by ``locator``.</doc>
<status status="PASS" start="2024-10-20T17:21:10.188987" elapsed="0.091390"/>
</kw>
<kw name="Input Text" owner="SeleniumLibrary">
<msg time="2024-10-20T17:21:10.281378" level="INFO">Typing text 'Stephen Hawking' into text field 'name=q'.</msg>
<arg>name=q</arg>
<arg>Stephen\ Hawking</arg>
<doc>Types the given ``text`` into the text field identified by ``locator``.</doc>
<status status="PASS" start="2024-10-20T17:21:10.281378" elapsed="0.239136"/>
</kw>
<kw name="Press Keys" owner="SeleniumLibrary">
<msg time="2024-10-20T17:21:10.520514" level="INFO">Sending key(s) ('ENTER',) to name=q element.</msg>
<msg time="2024-10-20T17:21:10.817606" level="INFO">Pressing special key ENTER to element.</msg>
<msg time="2024-10-20T17:21:10.817606" level="INFO">Releasing special key ENTER.</msg>
<arg>name=q</arg>
<arg>ENTER</arg>
<doc>Simulates the user pressing key(s) to an element or on the active browser.</doc>
<status status="PASS" start="2024-10-20T17:21:10.520514" elapsed="1.490269"/>
</kw>
<kw name="Page Should Contain" owner="SeleniumLibrary">
<msg time="2024-10-20T17:21:12.121473" level="INFO">Current page contains text 'Wikipedia'.</msg>
<arg>Wikipedia</arg>
<doc>Verifies that current page contains ``text``.</doc>
<status status="PASS" start="2024-10-20T17:21:12.011766" elapsed="0.109707"/>
</kw>
<kw name="Close Window" owner="SeleniumLibrary">
<doc>Closes currently opened and selected browser window/tab.</doc>
<status status="PASS" start="2024-10-20T17:21:12.121473" elapsed="0.182530"/>
</kw>
<kw name="Stop Video Recording" owner="ScreenCapLibrary" type="TEARDOWN">
<msg time="2024-10-20T17:21:12.563799" level="INFO" html="true">&lt;a href="recording_2.webm"&gt;&lt;video width="800px" autoplay&gt;&lt;source src="recording_2.webm" type="video/webm"&gt;&lt;/video&gt;&lt;/a&gt;</msg>
<doc>Stops the video recording corresponding to the given ``alias`` and generates the file in WebM format. If no
``alias`` is specified, the last opened recording will be closed. If there are more recordings with the same
alias all of them will be closed. If ``embed`` argument was set to
``True`` the video will be displayed in the log file.
Furthermore, if the ``save_to_disk`` parameter is set to ``False``, the video will be embedded and available in
the log file only.</doc>
<status status="PASS" start="2024-10-20T17:21:12.304003" elapsed="0.259796"/>
</kw>
<status status="PASS" start="2024-10-20T17:21:05.477588" elapsed="7.086211"/>
</test>
<kw name="Close All Browsers" owner="SeleniumLibrary" type="TEARDOWN">
<doc>Closes all open browsers and resets the browser cache.</doc>
<status status="PASS" start="2024-10-20T17:21:12.563799" elapsed="6.110617"/>
</kw>
<status status="PASS" start="2024-10-20T17:21:04.993079" elapsed="13.681337"/>
</suite>
<statistics>
<total>
<stat pass="1" fail="0" skip="0">All Tests</stat>
</total>
<tag>
</tag>
<suite>
<stat pass="1" fail="0" skip="0" id="s1" name="Searchgoogle">Searchgoogle</stat>
</suite>
</statistics>
<errors>
</errors>
</robot>
