<?xml version="1.0" encoding="UTF-8"?>
<robot generator="Robot 7.1.1 (Python 3.11.9 on win32)" generated="2024-10-20T18:17:45.885106" rpa="false" schemaversion="5">
<suite id="s1" name="Customkeywords" source="E:\python_testing\ch12\customkeywords.robot">
<test id="s1-t1" name="Use Custom Keywords" line="9">
<kw name="Echo Hello">
<kw name="Log" owner="BuiltIn">
<msg time="2024-10-20T18:17:45.954406" level="INFO">Hello!</msg>
<arg>Hello!</arg>
<doc>Logs the given message with the given level.</doc>
<status status="PASS" start="2024-10-20T18:17:45.954406" elapsed="0.000000"/>
</kw>
<status status="PASS" start="2024-10-20T18:17:45.953396" elapsed="0.001010"/>
</kw>
<kw name="Say Hello" owner="HelloLibrary">
<msg time="2024-10-20T18:17:45.955396" level="INFO">Hello from Python!</msg>
<status status="PASS" start="2024-10-20T18:17:45.954406" elapsed="0.000990"/>
</kw>
<status status="PASS" start="2024-10-20T18:17:45.952394" elapsed="0.003002"/>
</test>
<status status="PASS" start="2024-10-20T18:17:45.887596" elapsed="0.069832"/>
</suite>
<statistics>
<total>
<stat pass="1" fail="0" skip="0">All Tests</stat>
</total>
<tag>
</tag>
<suite>
<stat pass="1" fail="0" skip="0" id="s1" name="Customkeywords">Customkeywords</stat>
</suite>
</statistics>
<errors>
</errors>
</robot>
